
(nautilus:5591): Gtk-WARNING **: Failed to register client: GDBus.Error:org.freedesktop.DBus.Error.ServiceUnknown: The name org.gnome.SessionManager was not provided by any .service files
Nautilus-Share-Message: Called "net usershare info" but it failed: 'net usershare' returned error 255: net usershare: cannot open usershare directory /var/lib/samba/usershares. Error No such file or directory
Please ask your system administrator to enable user sharing.


(evince:5607): Gtk-CRITICAL **: gtk_widget_show: assertion 'GTK_IS_WIDGET (widget)' failed

(evince:5607): Gtk-CRITICAL **: gtk_widget_show: assertion 'GTK_IS_WIDGET (widget)' failed

(evince:5619): Gtk-CRITICAL **: gtk_widget_show: assertion 'GTK_IS_WIDGET (widget)' failed

(evince:5619): Gtk-CRITICAL **: gtk_widget_show: assertion 'GTK_IS_WIDGET (widget)' failed

(process:1356): GLib-CRITICAL **: g_slice_set_config: assertion 'sys_page_size == 0' failed
console.error: gnotifier: 
  Message: Error: cannot read contents of null pointer
  Stack:
    checkServerInfo@resource://gre/modules/commonjs/toolkit/loader.js -> resource://jid1-oonoa6xbjznvlq-at-jetpack/gnotifier/lib/linux.js:58:16
linux.checkAvailable@resource://gre/modules/commonjs/toolkit/loader.js -> resource://jid1-oonoa6xbjznvlq-at-jetpack/gnotifier/lib/linux.js:100:42
exports.main@resource://gre/modules/commonjs/toolkit/loader.js -> resource://jid1-oonoa6xbjznvlq-at-jetpack/gnotifier/lib/main.js:310:6
run@resource://gre/modules/commonjs/toolkit/loader.js -> resource://gre/modules/commonjs/sdk/addon/runner.js:151:1
startup/</<@resource://gre/modules/commonjs/toolkit/loader.js -> resource://gre/modules/commonjs/sdk/addon/runner.js:86:7
Handler.prototype.process@resource://gre/modules/Promise.jsm -> resource://gre/modules/Promise-backend.js:867:23
this.PromiseWalker.walkerLoop@resource://gre/modules/Promise.jsm -> resource://gre/modules/Promise-backend.js:746:7
this.PromiseWalker.scheduleWalkerLoop/<@resource://gre/modules/Promise.jsm -> resource://gre/modules/Promise-backend.js:688:37

console.error: gnotifier: 
  Message: Error: cannot read contents of null pointer
  Stack:
    checkServerInfo@resource://gre/modules/commonjs/toolkit/loader.js -> resource://jid1-oonoa6xbjznvlq-at-jetpack/gnotifier/lib/linux.js:58:16
linux.checkAvailable@resource://gre/modules/commonjs/toolkit/loader.js -> resource://jid1-oonoa6xbjznvlq-at-jetpack/gnotifier/lib/linux.js:100:42
exports.main@resource://gre/modules/commonjs/toolkit/loader.js -> resource://jid1-oonoa6xbjznvlq-at-jetpack/gnotifier/lib/main.js:310:6
run@resource://gre/modules/commonjs/toolkit/loader.js -> resource://gre/modules/commonjs/sdk/addon/runner.js:151:1
startup/</<@resource://gre/modules/commonjs/toolkit/loader.js -> resource://gre/modules/commonjs/sdk/addon/runner.js:86:7
Handler.prototype.process@resource://gre/modules/Promise.jsm -> resource://gre/modules/Promise-backend.js:867:23
this.PromiseWalker.walkerLoop@resource://gre/modules/Promise.jsm -> resource://gre/modules/Promise-backend.js:746:7
this.PromiseWalker.scheduleWalkerLoop/<@resource://gre/modules/Promise.jsm -> resource://gre/modules/Promise-backend.js:688:37

1434555906788	addons.update-checker	WARN	Update manifest for ubufox@ubuntu.com did not contain an updates property
1434555906837	addons.update-checker	WARN	Update manifest for {972ce4c6-7e08-4474-a285-3208198ce6fd} did not contain an updates property
